[2017-08-10 23:09:10] START
[2017-08-10 23:09:54] CREATE auto_door.py: 0
[2017-08-10 23:13:37] EDIT auto_door/models/auto_door.py: 4
[2017-08-10 23:14:01] EDIT auto_door/models/auto_door.py: 0
[2017-08-10 23:14:56] EDIT auto_door/models/auto_door.py: -4
[2017-08-10 23:15:14] DELETE auto_door/models/auto_door.py: 0
[2017-08-10 23:15:28] CREATE db_auto_door.py: 0
[2017-08-10 23:15:35] EDIT auto_door/models/db_auto_door.py: 4
[2017-08-10 23:16:54] EDIT auto_door/models/db_auto_door.py: 0
[2017-08-10 23:19:11] CREATE device.py: 0
[2017-08-10 23:21:01] EDIT auto_door/models/db_auto_door.py: 0
[2017-08-10 23:21:13] EDIT auto_door/controllers/device.py: 6
[2017-08-10 23:21:51] EDIT auto_door/models/db_auto_door.py: 1
[2017-08-10 23:22:09] EDIT auto_door/controllers/device.py: 0
[2017-08-10 23:22:39] EDIT auto_door/controllers/device.py: 0
[2017-08-10 23:24:05] EDIT auto_door/controllers/device.py: 0
[2017-08-10 23:24:10] EDIT auto_door/controllers/device.py: 0
[2017-08-10 23:24:33] EDIT auto_door/models/db_auto_door.py: 0
[2017-08-10 23:24:53] EDIT auto_door/models/db_auto_door.py: 0
[2017-08-10 23:25:27] EDIT auto_door/models/db_auto_door.py: 0
[2017-08-10 23:25:31] EDIT auto_door/models/db_auto_door.py: 0
[2017-08-10 23:25:43] EDIT auto_door/models/db_auto_door.py: 0
[2017-08-10 23:27:22] EDIT auto_door/controllers/device.py: 6
[2017-08-10 23:27:27] EDIT auto_door/controllers/device.py: 0
[2017-08-10 23:29:37] EDIT auto_door/controllers/device.py: 1
[2017-08-10 23:29:55] EDIT auto_door/controllers/device.py: 0
[2017-08-10 23:30:16] EDIT auto_door/controllers/device.py: 0
[2017-08-10 23:30:48] EDIT auto_door/controllers/device.py: 0
[2017-08-10 23:30:50] EDIT auto_door/controllers/device.py: 0
[2017-08-10 23:41:42] EDIT auto_door/models/db_auto_door.py: 0
[2017-08-10 23:42:28] EDIT auto_door/models/db_auto_door.py: 0
[2017-08-10 23:42:32] EDIT auto_door/models/db_auto_door.py: 0
[2017-08-10 23:43:01] EDIT auto_door/controllers/device.py: 1
[2017-08-10 23:43:14] EDIT auto_door/controllers/device.py: 0
[2017-08-10 23:43:51] EDIT auto_door/controllers/device.py: 3
[2017-08-10 23:44:10] EDIT auto_door/controllers/device.py: 0
[2017-08-10 23:45:07] EDIT auto_door/controllers/device.py: 0
[2017-08-10 23:45:29] EDIT auto_door/controllers/device.py: 0
[2017-08-10 23:45:45] EDIT auto_door/controllers/device.py: 0
[2017-08-10 23:46:10] EDIT auto_door/controllers/device.py: 0
[2017-08-10 23:46:41] EDIT auto_door/controllers/device.py: 0
[2017-08-10 23:46:56] EDIT auto_door/controllers/device.py: 0
[2017-08-10 23:49:21] EDIT auto_door/controllers/device.py: 0
[2017-08-10 23:50:24] EDIT auto_door/controllers/device.py: 1
[2017-08-10 23:50:41] EDIT auto_door/controllers/device.py: 0
[2017-08-10 23:51:18] EDIT auto_door/models/db_auto_door.py: 0
[2017-08-10 23:54:47] EDIT auto_door/controllers/device.py: 0
[2017-08-10 23:57:30] EDIT auto_door/controllers/device.py: 0
[2017-08-10 23:57:45] EDIT auto_door/controllers/device.py: 0
[2017-08-10 23:58:16] EDIT auto_door/controllers/device.py: 0
[2017-08-10 23:58:31] EDIT auto_door/controllers/device.py: 0
[2017-08-10 23:58:51] EDIT auto_door/controllers/device.py: 0
[2017-08-10 23:58:59] EDIT auto_door/controllers/device.py: 0
[2017-08-10 23:59:15] EDIT auto_door/controllers/device.py: 0
[2017-08-10 23:59:22] EDIT auto_door/controllers/device.py: 0
[2017-08-10 23:59:32] EDIT auto_door/controllers/device.py: 0
[2017-08-11 00:02:45] EDIT auto_door/controllers/device.py: 0
[2017-08-11 00:02:54] EDIT auto_door/models/db_auto_door.py: 0
[2017-08-11 00:03:23] EDIT auto_door/models/db_auto_door.py: 1
[2017-08-11 00:03:42] EDIT auto_door/controllers/device.py: 0
[2017-08-11 00:04:23] EDIT auto_door/controllers/device.py: 1
[2017-08-11 00:04:46] EDIT auto_door/controllers/device.py: 0
[2017-08-11 00:14:32] EDIT auto_door/controllers/device.py: 1
[2017-08-11 00:15:50] EDIT auto_door/controllers/device.py: 0
[2017-08-11 00:16:08] EDIT auto_door/controllers/device.py: 0
[2017-08-11 00:16:44] EDIT auto_door/models/db_auto_door.py: 0
[2017-08-11 00:17:49] EDIT auto_door/controllers/device.py: 1
[2017-08-11 00:19:02] EDIT auto_door/controllers/device.py: 1
[2017-08-11 00:19:37] EDIT auto_door/controllers/device.py: 1
[2017-08-11 00:19:42] EDIT auto_door/controllers/device.py: 0
[2017-08-11 00:20:09] EDIT auto_door/controllers/device.py: 0
[2017-08-11 00:20:28] EDIT auto_door/controllers/device.py: -1
[2017-08-11 00:25:07] CREATE device/set_command.html: 0
[2017-08-11 00:25:48] EDIT auto_door/views/device/set_command.html: 0
[2017-08-11 00:26:19] EDIT auto_door/models/menu.py: 0
[2017-08-11 00:26:41] EDIT auto_door/views/device/set_command.html: 0
